<?xml version="1.0" encoding="UTF-8"?>
<testsuite name="MainTest" tests="8" skipped="0" failures="0" errors="0" timestamp="2025-11-13T15:41:22.490Z" hostname="riadh-adrani-IdeaCentre-Gaming5-14IOB6" time="0.031">
  <properties/>
  <testcase name="testValueEmptySingleQuote()" classname="MainTest" time="0.019"/>
  <testcase name="testInvalidName()" classname="MainTest" time="0.002"/>
  <testcase name="testValueEmptyDoubleQuote()" classname="MainTest" time="0.0"/>
  <testcase name="testMissingStartingQuotes()" classname="MainTest" time="0.001"/>
  <testcase name="testMissingEndingQuotes()" classname="MainTest" time="0.002"/>
  <testcase name="testValueWithDoubleQuotes()" classname="MainTest" time="0.001"/>
  <testcase name="testValueSingleQuote()" classname="MainTest" time="0.001"/>
  <testcase name="testMissingEqualSign()" classname="MainTest" time="0.001"/>
  <system-out><![CDATA[]]></system-out>
  <system-err><![CDATA[]]></system-err>
</testsuite>
